#
# There is insufficient memory for the Java Runtime Environment to continue.
# Native memory allocation (mmap) failed to map 266338304 bytes for G1 virtual space
# Possible reasons:
#   The system is out of physical RAM or swap space
#   The process is running with CompressedOops enabled, and the Java Heap may be blocking the growth of the native heap
# Possible solutions:
#   Reduce memory load on the system
#   Increase physical memory or swap space
#   Check if swap backing store is full
#   Decrease Java heap size (-Xmx/-Xms)
#   Decrease number of Java threads
#   Decrease Java thread stack sizes (-Xss)
#   Set larger code cache with -XX:ReservedCodeCacheSize=
#   JVM is running with Zero Based Compressed Oops mode in which the Java heap is
#     placed in the first 32GB address space. The Java Heap base address is the
#     maximum limit for the native heap growth. Please use -XX:HeapBaseMinAddress
#     to set the Java Heap base and to place the Java Heap above 32GB virtual address.
# This output file may be truncated or incomplete.
#
#  Out of Memory Error (./open/src/hotspot/os/windows/os_windows.cpp:3472), pid=27080, tid=30120
#
# JRE version:  (15.0.1+9) (build )
# Java VM: OpenJDK 64-Bit Server VM (15.0.1+9-18, mixed mode, sharing, tiered, compressed oops, g1 gc, windows-amd64)
# No core dump will be written. Minidumps are not enabled by default on client versions of Windows
#

---------------  S U M M A R Y ------------

Command Line: -Dfile.encoding=UTF-8 -XX:+ShowCodeDetailsInExceptionMessages main.TextbookMIS

Host: Intel(R) Core(TM) i5-10210U CPU @ 1.60GHz, 8 cores, 15G,  Windows 10 , 64 bit Build 19041 (10.0.19041.1023)
Time: Sat Jun 26 08:56:42 2021 中国标准时间 elapsed time: 0.011054 seconds (0d 0h 0m 0s)

---------------  T H R E A D  ---------------

Current thread (0x000001a39cb60350):  JavaThread "Unknown thread" [_thread_in_vm, id=30120, stack(0x0000005b3af00000,0x0000005b3b000000)]

Stack: [0x0000005b3af00000,0x0000005b3b000000]
Native frames: (J=compiled Java code, j=interpreted, Vv=VM code, C=native code)
V  [jvm.dll+0x62ae9a]
V  [jvm.dll+0x781389]
V  [jvm.dll+0x782ae3]
V  [jvm.dll+0x783143]
V  [jvm.dll+0x216265]
V  [jvm.dll+0x6281d9]
V  [jvm.dll+0x61cd15]
V  [jvm.dll+0x2d01fd]
V  [jvm.dll+0x2d0062]
V  [jvm.dll+0x2d603c]
V  [jvm.dll+0x325b2a]
V  [jvm.dll+0x3251f4]
V  [jvm.dll+0x2a717a]
V  [jvm.dll+0x2a8318]
V  [jvm.dll+0x75e101]
V  [jvm.dll+0x3343e4]
V  [jvm.dll+0x73e826]
V  [jvm.dll+0x3b7777]
V  [jvm.dll+0x3b9201]
C  [jli.dll+0x52fb]
C  [ucrtbase.dll+0x21bb2]
C  [KERNEL32.DLL+0x17034]
C  [ntdll.dll+0x52651]


---------------  P R O C E S S  ---------------

Threads class SMR info:
_java_thread_list=0x00007ff952ea4ff0, length=0, elements={
}

Java Threads: ( => current thread )

Other Threads:
  0x000001a39cbb0a10 GCTaskThread "GC Thread#0" [stack: 0x0000005b3b000000,0x0000005b3b100000] [id=7424]
  0x000001a39cbc2a70 ConcurrentGCThread "G1 Main Marker" [stack: 0x0000005b3b100000,0x0000005b3b200000] [id=26008]
  0x000001a39cbc3e80 ConcurrentGCThread "G1 Conc#0" [stack: 0x0000005b3b200000,0x0000005b3b300000] [id=12584]

[error occurred during error reporting (printing all threads), id 0xc0000005, EXCEPTION_ACCESS_VIOLATION (0xc0000005) at pc=0x00007ff952698047]

VM state: not at safepoint (not fully initialized)

VM Mutex/Monitor currently owned by a thread:  ([mutex/lock_event])
[0x000001a39cb5cad0] Heap_lock - owner thread: 0x000001a39cb60350

Heap address: 0x0000000702800000, size: 4056 MB, Compressed Oops mode: Zero based, Oop shift amount: 3
CDS archive(s) mapped at: [0x0000000000000000-0x0000000000000000-0x0000000000000000), size 0, SharedBaseAddress: 0x0000000800000000, ArchiveRelocationMode: 0.
Narrow klass base: 0x0000000000000000, Narrow klass shift: 0, Narrow klass range: 0x0

Heap:
 garbage-first heap   total 260096K, used 0K [0x0000000702800000, 0x0000000800000000)
  region size 2048K, 0 young (0K), 0 survivors (0K)
 Metaspace       used 0K, capacity 0K, committed 0K, reserved 0K
  class space    used 0K, capacity 0K, committed 0K, reserved 0K

Heap Regions: E=young(eden), S=young(survivor), O=old, HS=humongous(starts), HC=humongous(continues), CS=collection set, F=free, OA=open archive, CA=closed archive, TAMS=top-at-mark-start (previous, next)

Card table byte_map: [0x000001a3b00a0000,0x000001a3b0890000] _byte_map_base: 0x000001a3ac88c000

Marking Bits (Prev, Next): (CMBitMap*) 0x000001a39cbb2290, (CMBitMap*) 0x000001a39cbb22d0
 Prev Bits: [0x000001a3b1080000, 0x000001a3b4fe0000)
 Next Bits: [0x000001a3b4fe0000, 0x000001a3b8f40000)

GC Heap History (0 events):
No events

Deoptimization events (0 events):
No events

Classes unloaded (0 events):
No events

Classes redefined (0 events):
No events

Internal exceptions (0 events):
No events

Events (1 events):
Event: 0.007 Loaded shared library E:\eclipse\eclipse\plugins\org.eclipse.justj.openjdk.hotspot.jre.full.win32.x86_64_15.0.1.v20201027-0507\jre\bin\java.dll


Dynamic libraries:
0x00007ff667c40000 - 0x00007ff667c4d000 	E:\eclipse\eclipse\plugins\org.eclipse.justj.openjdk.hotspot.jre.full.win32.x86_64_15.0.1.v20201027-0507\jre\bin\javaw.exe
0x00007ff9b5230000 - 0x00007ff9b5425000 	C:\Windows\SYSTEM32\ntdll.dll
0x00007ff9b4ff0000 - 0x00007ff9b50ad000 	C:\Windows\System32\KERNEL32.DLL
0x00007ff9b2d40000 - 0x00007ff9b3008000 	C:\Windows\System32\KERNELBASE.dll
0x00007ff9b31a0000 - 0x00007ff9b32a0000 	C:\Windows\System32\ucrtbase.dll
0x00007ff9ac100000 - 0x00007ff9ac119000 	E:\eclipse\eclipse\plugins\org.eclipse.justj.openjdk.hotspot.jre.full.win32.x86_64_15.0.1.v20201027-0507\jre\bin\VCRUNTIME140.dll
0x00007ff9ac0e0000 - 0x00007ff9ac0f8000 	E:\eclipse\eclipse\plugins\org.eclipse.justj.openjdk.hotspot.jre.full.win32.x86_64_15.0.1.v20201027-0507\jre\bin\jli.dll
0x00007ff9b4550000 - 0x00007ff9b46f0000 	C:\Windows\System32\USER32.dll
0x00007ff9b2b00000 - 0x00007ff9b2b22000 	C:\Windows\System32\win32u.dll
0x00007ff9b4f10000 - 0x00007ff9b4f3a000 	C:\Windows\System32\GDI32.dll
0x00007ff99a7e0000 - 0x00007ff99aa7a000 	C:\Windows\WinSxS\amd64_microsoft.windows.common-controls_6595b64144ccf1df_6.0.19041.1052_none_60b8f8fd71f5e8cb\COMCTL32.dll
0x00007ff9b2b30000 - 0x00007ff9b2c3b000 	C:\Windows\System32\gdi32full.dll
0x00007ff9b4d50000 - 0x00007ff9b4dee000 	C:\Windows\System32\msvcrt.dll
0x00007ff9b2c40000 - 0x00007ff9b2cdd000 	C:\Windows\System32\msvcp_win.dll
0x00007ff9b3360000 - 0x00007ff9b3390000 	C:\Windows\System32\IMM32.DLL
0x00007ff9ac150000 - 0x00007ff9ac15c000 	E:\eclipse\eclipse\plugins\org.eclipse.justj.openjdk.hotspot.jre.full.win32.x86_64_15.0.1.v20201027-0507\jre\bin\vcruntime140_1.dll
0x00007ff9aaa20000 - 0x00007ff9aaab1000 	E:\eclipse\eclipse\plugins\org.eclipse.justj.openjdk.hotspot.jre.full.win32.x86_64_15.0.1.v20201027-0507\jre\bin\msvcp140.dll
0x00007ff9523e0000 - 0x00007ff952f3e000 	E:\eclipse\eclipse\plugins\org.eclipse.justj.openjdk.hotspot.jre.full.win32.x86_64_15.0.1.v20201027-0507\jre\bin\server\jvm.dll
0x00007ff9b4df0000 - 0x00007ff9b4e9c000 	C:\Windows\System32\ADVAPI32.dll
0x00007ff9b4330000 - 0x00007ff9b43cb000 	C:\Windows\System32\sechost.dll
0x00007ff9b3390000 - 0x00007ff9b34bb000 	C:\Windows\System32\RPCRT4.dll
0x00007ff9b51e0000 - 0x00007ff9b51e8000 	C:\Windows\System32\PSAPI.DLL
0x00007ff99a090000 - 0x00007ff99a0b7000 	C:\Windows\SYSTEM32\WINMM.dll
0x00007ff9ae670000 - 0x00007ff9ae679000 	C:\Windows\SYSTEM32\WSOCK32.dll
0x00007ff9ab130000 - 0x00007ff9ab13a000 	C:\Windows\SYSTEM32\VERSION.dll
0x00007ff9b4ea0000 - 0x00007ff9b4f0b000 	C:\Windows\System32\WS2_32.dll
0x00007ff9b08c0000 - 0x00007ff9b08d2000 	C:\Windows\SYSTEM32\kernel.appcore.dll
0x00007ff9ae630000 - 0x00007ff9ae63a000 	E:\eclipse\eclipse\plugins\org.eclipse.justj.openjdk.hotspot.jre.full.win32.x86_64_15.0.1.v20201027-0507\jre\bin\jimage.dll
0x00007ff9a0550000 - 0x00007ff9a0734000 	C:\Windows\SYSTEM32\DBGHELP.DLL
0x00007ff992c60000 - 0x00007ff992c8c000 	C:\Windows\SYSTEM32\dbgcore.DLL
0x00007ff9b2970000 - 0x00007ff9b29f3000 	C:\Windows\System32\bcryptPrimitives.dll
0x00007ff9aa760000 - 0x00007ff9aa785000 	E:\eclipse\eclipse\plugins\org.eclipse.justj.openjdk.hotspot.jre.full.win32.x86_64_15.0.1.v20201027-0507\jre\bin\java.dll

dbghelp: loaded successfully - version: 4.0.5 - missing functions: none
symbol engine: initialized successfully - sym options: 0x614 - pdb path: .;E:\eclipse\eclipse\plugins\org.eclipse.justj.openjdk.hotspot.jre.full.win32.x86_64_15.0.1.v20201027-0507\jre\bin;C:\Windows\SYSTEM32;C:\Windows\WinSxS\amd64_microsoft.windows.common-controls_6595b64144ccf1df_6.0.19041.1052_none_60b8f8fd71f5e8cb;E:\eclipse\eclipse\plugins\org.eclipse.justj.openjdk.hotspot.jre.full.win32.x86_64_15.0.1.v20201027-0507\jre\bin\server

VM Arguments:
jvm_args: -Dfile.encoding=UTF-8 -XX:+ShowCodeDetailsInExceptionMessages 
java_command: main.TextbookMIS
java_class_path (initial): F:\eclipse\eclipseCode2\TextbookMIS\bin
Launcher Type: SUN_STANDARD

[Global flags]
     intx CICompilerCount                          = 4                                         {product} {ergonomic}
     uint ConcGCThreads                            = 2                                         {product} {ergonomic}
     uint G1ConcRefinementThreads                  = 8                                         {product} {ergonomic}
   size_t G1HeapRegionSize                         = 2097152                                   {product} {ergonomic}
    uintx GCDrainStackTargetSize                   = 64                                        {product} {ergonomic}
   size_t InitialHeapSize                          = 266338304                                 {product} {ergonomic}
   size_t MarkStackSize                            = 4194304                                   {product} {ergonomic}
   size_t MaxHeapSize                              = 4253024256                                {product} {ergonomic}
   size_t MinHeapDeltaBytes                        = 2097152                                   {product} {ergonomic}
   size_t MinHeapSize                              = 8388608                                   {product} {ergonomic}
    uintx NonNMethodCodeHeapSize                   = 5839372                                {pd product} {ergonomic}
    uintx NonProfiledCodeHeapSize                  = 122909434                              {pd product} {ergonomic}
    uintx ProfiledCodeHeapSize                     = 122909434                              {pd product} {ergonomic}
    uintx ReservedCodeCacheSize                    = 251658240                              {pd product} {ergonomic}
     bool SegmentedCodeCache                       = true                                      {product} {ergonomic}
     bool ShowCodeDetailsInExceptionMessages       = true                                   {manageable} {command line}
   size_t SoftMaxHeapSize                          = 4253024256                             {manageable} {ergonomic}
     bool UseCompressedClassPointers               = true                                 {lp64_product} {ergonomic}
     bool UseCompressedOops                        = true                                 {lp64_product} {ergonomic}
     bool UseG1GC                                  = true                                      {product} {ergonomic}
     bool UseLargePagesIndividualAllocation        = false                                  {pd product} {ergonomic}

Logging:
Log output configuration:
 #0: stdout all=warning uptime,level,tags
 #1: stderr all=off uptime,level,tags

Environment Variables:
JAVA_HOME=E:\JAVA
PATH=E:/eclipse/eclipse//plugins/org.eclipse.justj.openjdk.hotspot.jre.full.win32.x86_64_15.0.1.v20201027-0507/jre/bin/server;E:/eclipse/eclipse//plugins/org.eclipse.justj.openjdk.hotspot.jre.full.win32.x86_64_15.0.1.v20201027-0507/jre/bin;C:\Program Files\Microsoft MPI\Bin\;C:\Program Files (x86)\Common Files\Oracle\Java\javapath;E:\VMware\bin\;C:\Windows\system32;C:\Windows;C:\Windows\System32\Wbem;C:\Windows\System32\WindowsPowerShell\v1.0\;C:\Windows\System32\OpenSSH\;C:\Program Files (x86)\NVIDIA Corporation\PhysX\Common;C:\Program Files\NVIDIA Corporation\NVIDIA NvDLISR;E:\JAVA\bin;E:\JAVA\jre\bin;E:\mysql\mysql-8.0.23-winx64\bin;E:\apache\apache-tomcat-10.0.2\bin;E:\apache\apache-tomcat-10.0.2\lib;C:\Program Files\Microsoft SQL Server\Client SDK\ODBC\170\Tools\Binn\;C:\Program Files (x86)\Microsoft SQL Server\150\Tools\Binn\;C:\Program Files\Microsoft SQL Server\150\Tools\Binn\;C:\Program Files\Microsoft SQL Server\150\DTS\Binn\;C:\Program Files (x86)\Microsoft SQL Server\150\DTS\Binn\;C:\Program Files\Azure Data Studio\bin;E:\maven\apache-maven-3.8.1\bin;E:\Git\Git\cmd;C:\Users\魔宇\AppData\Local\Microsoft\WindowsApps;;E:\VScode\Microsoft VS Code\bin;C:\Program Files\Azure Data Studio\bin;E:\eclipse\eclipse;
USERNAME=魔宇
OS=Windows_NT
PROCESSOR_IDENTIFIER=Intel64 Family 6 Model 142 Stepping 12, GenuineIntel



---------------  S Y S T E M  ---------------

OS:
 Windows 10 , 64 bit Build 19041 (10.0.19041.1023)
OS uptime: 7 days 1:08 hours

CPU: total 8 (initial active 8) (4 cores per cpu, 2 threads per core) family 6 model 142 stepping 12 microcode 0xde, cmov, cx8, fxsr, mmx, sse, sse2, sse3, ssse3, sse4.1, sse4.2, popcnt, vzeroupper, avx, avx2, aes, clmul, erms, 3dnowpref, lzcnt, ht, tsc, tscinvbit, bmi1, bmi2, adx, fma, clflush, clflushopt

Memory: 4k page, system-wide physical 16217M (7228M free)
TotalPageFile size 26457M (AvailPageFile size 49M)
current process WorkingSet (physical memory assigned to process): 10M, peak: 10M
current process commit charge ("private bytes"): 60M, peak: 314M

vm_info: OpenJDK 64-Bit Server VM (15.0.1+9-18) for windows-amd64 JRE (15.0.1+9-18), built on Sep 15 2020 14:39:31 by "mach5one" with unknown MS VC++:1925

END.
